<?xml version="1.0" encoding="UTF-8"?>
<!-- Generated by org.testng.reporters.JUnitXMLReporter -->
<testsuite ignored="0" hostname="DESKTOP-J7DNQ9P" failures="1" tests="1" name="Test" time="61.387" errors="0" timestamp="2024-08-13T15:21:28 IST">
  <testcase classname="Luma_TestCases.TC_002_Luma_SignIN" name="LoginTest" time="4.529">
    <failure type="java.lang.AssertionError" message="expected [true] but found [false]">
      <![CDATA[java.lang.AssertionError: expected [true] but found [false]
at Luma_TestCases.TC_002_Luma_SignIN.LoginTest(TC_002_Luma_SignIN.java:32)
at java.base/java.util.ArrayList.forEach(ArrayList.java:1511)
... Removed 31 stack frames]]>
    </failure>
  </testcase> <!-- LoginTest -->
</testsuite> <!-- Test -->
